miR	Counts
hsa-let-7b	120978
hsa-miR-125b	2390618
hsa-miR-29a	277311
hsa-miR-155	3289
hsa-miR-21	2231873
hsa-miR-218	10227
hsa-miR-222	244549
hsa-miR-130a	112918
hsa-miR-130b	473358
hsa-miR-145	2617834
hsa-miR-26b	13796
hsa-miR-31	143168
hsa-miR-24	700175
hsa-miR-421	738
hsa-miR-136	5027
hsa-miR-138	59904
hsa-miR-125a-5p	289595
hsa-miR-345	8061
hsa-miR-337-3p	13955
hsa-miR-30a	59259
hsa-miR-574-3p	66144
hsa-miR-99a	45172
hsa-miR-505	6390
hsa-miR-16	49596
hsa-miR-221	72458
hsa-miR-191	48478
hsa-miR-26a	84789
hsa-miR-365	37087
hsa-miR-10a	66151
hsa-miR-140-3p	129119
*	12304608
hsa-miR-23a	13227
hsa-let-7f	104787
hsa-miR-19b	48876
hsa-miR-29c	22158
hsa-miR-22	84575
hsa-miR-29b	307056
hsa-miR-214	61958
hsa-miR-15b	26323
hsa-miR-100	87259
hsa-let-7d	22277
hsa-miR-199a-5p	105020
hsa-miR-483-3p	34898
hsa-let-7e	26925
hsa-miR-1280	43306
hsa-miR-1260b	42732
hsa-miR-4286	114764
hsa-miR-181a	20537
hsa-miR-484	29482
hsa-miR-143	124626
hsa-let-7i	15972
hsa-miR-3150	551
hsa-miR-197	10383
hsa-miR-151-5p	22096
hsa-miR-615-3p	5899
hsa-miR-195	4852
hsa-miR-34a	56919
hsa-miR-331-3p	45597
hsa-let-7g	75129
hsa-miR-23b	11352
hsa-miR-224	8261
hsa-miR-660	3851
hsa-miR-148a	17546
hsa-miR-193b	47672
hsa-miR-342-3p	15733
hsa-miR-10b	41755
hsa-miR-376c	10687
hsa-miR-181d	641
hsa-miR-193a-3p	8711
hsa-miR-92a	31492
hsa-miR-1260	4318
hsa-miR-301a	10965
hsa-miR-128	7866
hsa-miR-93	4595
hsa-miR-671-5p	3753
hsa-miR-424	17260
hsa-miR-590-5p	4881
hsa-miR-199b-5p	17832
hsa-miR-379	2528
hsa-miR-99b	10366
hsa-miR-101	4485
hsa-miR-181b	10123
hsa-miR-3676	2481
hsa-miR-361-5p	4937
hsa-miR-532-5p	3093
hsa-miR-152	33640
hsa-miR-485-3p	1297
hsa-miR-106b	5517
hsa-miR-551b	4355
hsa-miR-28-3p	7192
hsa-miR-3182	4878
hsa-miR-25	8034
hsa-miR-210	25931
hsa-miR-15a	11656
hsa-miR-326	1346
hsa-miR-151-3p	2698
hsa-miR-874	6062
hsa-miR-17	11323
hsa-miR-148b	4896
hsa-miR-361-3p	2286
hsa-miR-574-5p	21231
hsa-miR-542-3p	2249
hsa-miR-720	14841
hsa-miR-452	1147
hsa-miR-567	3872
hsa-miR-296-5p	1686
hsa-miR-23c	28316
hsa-miR-600	4353
hsa-miR-339-5p	13319
hsa-miR-30d	9302
hsa-miR-324-5p	3418
hsa-miR-3164	6002
hsa-miR-2355-5p	763
hsa-miR-92b	7881
hsa-miR-497	3732
hsa-miR-873	1050
hsa-miR-487b	4475
hsa-miR-328	6131
hsa-miR-20a	3024
hsa-miR-502-3p	853
hsa-miR-140-5p	8949
hsa-miR-423-3p	10811
hsa-miR-335	1222
hsa-miR-30e	11386
hsa-miR-665	1848
hsa-miR-362-5p	753
hsa-miR-425	2797
hsa-miR-4315	53114
hsa-miR-129-3p	1852
hsa-miR-185	9664
hsa-miR-1274a	9018
hsa-miR-28-5p	989
hsa-miR-4301	12010
hsa-miR-154	573
hsa-miR-455-3p	2741
hsa-miR-98	5347
hsa-miR-654-3p	3876
hsa-miR-636	709
hsa-miR-329	1538
hsa-miR-744	1904
hsa-miR-377	619
hsa-miR-127-5p	1666
hsa-miR-19a	15679
hsa-miR-186	4778
hsa-miR-432	1441
hsa-miR-494	2438
hsa-miR-27a	3575
hsa-miR-4308	1397
hsa-miR-7	1417
hsa-miR-4284	6540
hsa-miR-495	1280
hsa-miR-4278	785
hsa-miR-4258	558
hsa-miR-32	1032
hsa-miR-455-5p	1162
hsa-miR-132	1793
hsa-miR-1249	1610
hsa-miR-149	5014
hsa-miR-543	764
hsa-miR-4295	9188
hsa-miR-374b	2916
hsa-miR-362-3p	596
hsa-miR-188-5p	1151
hsa-miR-370	5294
hsa-miR-190	1202
hsa-miR-487a	655
hsa-miR-134	1624
hsa-miR-323-3p	750
hsa-miR-1973	1644
hsa-miR-193a-5p	7432
hsa-miR-127-3p	1225
hsa-miR-3613-5p	3168
hsa-miR-431	633
hsa-miR-4292	862
hsa-miR-301b	1076
hsa-miR-299-5p	1394
hsa-miR-769-5p	769
hsa-miR-204	3104
hsa-miR-409-3p	1308
hsa-miR-337-5p	1390
hsa-let-7a	2891
hsa-miR-1274b	5214
hsa-miR-887	2215
hsa-miR-3162	584
hsa-miR-4263	1127
hsa-miR-4305	619
hsa-miR-454	1043
hsa-miR-381	661
hsa-miR-3944	772
hsa-miR-762	1221
hsa-miR-1271	780
hsa-miR-369-5p	582
hsa-miR-423-5p	2630
hsa-miR-192	856
hsa-miR-374a	1194
hsa-miR-196b	731
hsa-miR-664	1146
hsa-miR-196a	5084
hsa-miR-323b-3p	1048
hsa-miR-122	1063
hsa-miR-4320	3145
hsa-miR-34c-5p	1330
hsa-miR-339-3p	1056
hsa-miR-30c	553
hsa-miR-532-3p	1082
hsa-miR-137	1279
hsa-miR-205	1642
hsa-miR-3175	593
hsa-miR-142-3p	505
hsa-miR-27b	923
hsa-miR-627	1814
hsa-miR-1296	1626
hsa-miR-663	916
hsa-miR-940	3808
hsa-miR-4300	534
hsa-miR-181c	904
hsa-miR-382	1179
hsa-miR-1307	2211
hsa-miR-126	616
hsa-miR-1972	1228
hsa-miR-708	1063
hsa-miR-891a	921
hsa-miR-936	1140
hsa-miR-223	545
hsa-miR-545	932
hsa-miR-3614-5p	1220
hsa-miR-548b-3p	534
hsa-miR-483-5p	993
hsa-miR-1228	886
hsa-miR-1287	618
hsa-miR-34b	1060
hsa-miR-150	693
hsa-miR-4326	1065
hsa-miR-451	729
hsa-miR-671-3p	748
hsa-miR-758	524
hsa-miR-33a	526
hsa-miR-95	519
hsa-miR-4319	680
hsa-miR-516a-5p	956
hsa-miR-3647-3p	675
